Source_Dataset: RIM_ONE_r3
Target_Dataset: ['REFUGE', 'ORIGA', 'REFUGE_Valid', 'Drishti_GS']
num_workers: 8
image_size: 512
backbone: resnet34
in_ch: 3
out_ch: 2
optimizer: Adam
lr: 0.05
momentum: 0.99
beta1: 0.9
beta2: 0.99
weight_decay: 0.0
batch_size: 1
iters: 1
memory_size: 40
neighbor: 16
prompt_alpha: 0.01
warm_n: 5
path_save_log: /home/lmx/VPTTA/OPTIC/logs/
model_root: /home/lmx/VPTTA/OPTIC/models/
dataset_root: /home/lmx/VPTTA/Data
device: cuda:0
************************************************************
Test Metrics:  {'Disc_Dice': 82.3202415975289, 'Disc_ASD': 25.19816518787552, 'Cup_Dice': 66.61853641152751, 'Cup_ASD': 17.637664449271643}
Mean Dice: 74.46938900452821
