Source_Dataset: RIM_ONE_r3
Target_Dataset: ['REFUGE', 'ORIGA', 'REFUGE_Valid', 'Drishti_GS']
num_workers: 8
image_size: 512
backbone: resnet34
in_ch: 3
out_ch: 2
optimizer: Adam
lr: 0.05
momentum: 0.99
beta1: 0.9
beta2: 0.99
weight_decay: 0.0
batch_size: 1
iters: 1
memory_size: 40
neighbor: 16
prompt_alpha: 0.01
warm_n: 5
path_save_log: /home/lmx/VPTTA/OPTIC/logs/
model_root: /home/lmx/VPTTA/OPTIC/models/
dataset_root: /home/lmx/VPTTA/Data
device: cuda:0
The number of total parameters: 75
************************************************************
Test Metrics:  {'Disc_Dice': 81.56811527448724, 'Disc_ASD': 22.340639230443966, 'Cup_Dice': 66.23523825888059, 'Cup_ASD': 16.16089565925701}
Mean Dice: 73.90167676668392
